This file contains any messages produced by compilers while
running configure, to aid debugging if configure makes a mistake.

It was created by gvolwheel configure 0.4, which was
generated by GNU Autoconf 2.64.  Invocation command line was

  $ /myfiles/projects/gvolwheel/configure --enable-maintainer-mode

## --------- ##
## Platform. ##
## --------- ##

hostname = myhost
uname -m = i686
uname -r = 2.6.30-ARCH
uname -s = Linux
uname -v = #1 SMP PREEMPT Mon Aug 17 18:04:53 CEST 2009

/usr/bin/uname -p = unknown
/bin/uname -X     = unknown

/bin/arch              = i686
/usr/bin/arch -k       = unknown
/usr/convex/getsysinfo = unknown
/usr/bin/hostinfo      = unknown
/bin/machine           = unknown
/usr/bin/oslevel       = unknown
/bin/universe          = unknown

PATH: /bin
PATH: /usr/bin
PATH: /sbin
PATH: /usr/sbin
PATH: /usr/bin/perlbin/site
PATH: /usr/bin/perlbin/vendor
PATH: /usr/bin/perlbin/core


## ----------- ##
## Core tests. ##
## ----------- ##

configure:2407: checking for a BSD-compatible install
configure:2475: result: /bin/install -c
configure:2486: checking whether build environment is sane
configure:2536: result: yes
configure:2677: checking for a thread-safe mkdir -p
configure:2716: result: /bin/mkdir -p
configure:2729: checking for gawk
configure:2745: found /bin/gawk
configure:2756: result: gawk
configure:2767: checking whether make sets $(MAKE)
configure:2789: result: yes
configure:2872: checking whether to enable maintainer-specific portions of Makefiles
configure:2881: result: yes
configure:2907: checking for style of include used by make
configure:2935: result: GNU
configure:3005: checking for gcc
configure:3021: found /usr/bin/gcc
configure:3032: result: gcc
configure:3261: checking for C compiler version
configure:3270: gcc --version >&5
gcc (GCC) 4.4.1
Copyright (C) 2009 Free Software Foundation, Inc.
This is free software; see the source for copying conditions.  There is NO
warranty; not even for MERCHANTABILITY or FITNESS FOR A PARTICULAR PURPOSE.

configure:3281: $? = 0
configure:3270: gcc -v >&5
Using built-in specs.
Target: i686-pc-linux-gnu
Configured with: ../configure --prefix=/usr --enable-shared --enable-languages=c,c++,fortran,objc,obj-c++ --enable-threads=posix --mandir=/usr/share/man --infodir=/usr/share/info --enable-__cxa_atexit --disable-multilib --libdir=/usr/lib --libexecdir=/usr/lib --enable-clocale=gnu --disable-libstdcxx-pch --with-tune=generic
Thread model: posix
gcc version 4.4.1 (GCC) 
configure:3281: $? = 0
configure:3270: gcc -V >&5
gcc: '-V' option must have argument
configure:3281: $? = 1
configure:3270: gcc -qversion >&5
gcc: unrecognized option '-qversion'
gcc: no input files
configure:3281: $? = 1
configure:3303: checking for C compiler default output file name
configure:3325: gcc    conftest.c  >&5
configure:3329: $? = 0
configure:3366: result: a.out
configure:3382: checking whether the C compiler works
configure:3391: ./a.out
configure:3395: $? = 0
configure:3410: result: yes
configure:3417: checking whether we are cross compiling
configure:3419: result: no
configure:3422: checking for suffix of executables
configure:3429: gcc -o conftest    conftest.c  >&5
configure:3433: $? = 0
configure:3455: result: 
configure:3461: checking for suffix of object files
configure:3483: gcc -c   conftest.c >&5
configure:3487: $? = 0
configure:3508: result: o
configure:3512: checking whether we are using the GNU C compiler
configure:3531: gcc -c   conftest.c >&5
configure:3531: $? = 0
configure:3540: result: yes
configure:3549: checking whether gcc accepts -g
configure:3569: gcc -c -g  conftest.c >&5
configure:3569: $? = 0
configure:3610: result: yes
configure:3627: checking for gcc option to accept ISO C89
configure:3691: gcc  -c -g -O2  conftest.c >&5
configure:3691: $? = 0
configure:3704: result: none needed
configure:3726: checking dependency style of gcc
configure:3836: result: gcc3
configure:3852: checking for library containing strerror
configure:3883: gcc -o conftest -g -O2   conftest.c  >&5
configure:3883: $? = 0
configure:3900: result: none required
configure:3956: checking for gcc
configure:3983: result: gcc
configure:4212: checking for C compiler version
configure:4221: gcc --version >&5
gcc (GCC) 4.4.1
Copyright (C) 2009 Free Software Foundation, Inc.
This is free software; see the source for copying conditions.  There is NO
warranty; not even for MERCHANTABILITY or FITNESS FOR A PARTICULAR PURPOSE.

configure:4232: $? = 0
configure:4221: gcc -v >&5
Using built-in specs.
Target: i686-pc-linux-gnu
Configured with: ../configure --prefix=/usr --enable-shared --enable-languages=c,c++,fortran,objc,obj-c++ --enable-threads=posix --mandir=/usr/share/man --infodir=/usr/share/info --enable-__cxa_atexit --disable-multilib --libdir=/usr/lib --libexecdir=/usr/lib --enable-clocale=gnu --disable-libstdcxx-pch --with-tune=generic
Thread model: posix
gcc version 4.4.1 (GCC) 
configure:4232: $? = 0
configure:4221: gcc -V >&5
gcc: '-V' option must have argument
configure:4232: $? = 1
configure:4221: gcc -qversion >&5
gcc: unrecognized option '-qversion'
gcc: no input files
configure:4232: $? = 1
configure:4236: checking whether we are using the GNU C compiler
configure:4264: result: yes
configure:4273: checking whether gcc accepts -g
configure:4334: result: yes
configure:4351: checking for gcc option to accept ISO C89
configure:4428: result: none needed
configure:4450: checking dependency style of gcc
configure:4560: result: gcc3
configure:4623: checking for gcc
configure:4650: result: gcc
configure:4879: checking for C compiler version
configure:4888: gcc --version >&5
gcc (GCC) 4.4.1
Copyright (C) 2009 Free Software Foundation, Inc.
This is free software; see the source for copying conditions.  There is NO
warranty; not even for MERCHANTABILITY or FITNESS FOR A PARTICULAR PURPOSE.

configure:4899: $? = 0
configure:4888: gcc -v >&5
Using built-in specs.
Target: i686-pc-linux-gnu
Configured with: ../configure --prefix=/usr --enable-shared --enable-languages=c,c++,fortran,objc,obj-c++ --enable-threads=posix --mandir=/usr/share/man --infodir=/usr/share/info --enable-__cxa_atexit --disable-multilib --libdir=/usr/lib --libexecdir=/usr/lib --enable-clocale=gnu --disable-libstdcxx-pch --with-tune=generic
Thread model: posix
gcc version 4.4.1 (GCC) 
configure:4899: $? = 0
configure:4888: gcc -V >&5
gcc: '-V' option must have argument
configure:4899: $? = 1
configure:4888: gcc -qversion >&5
gcc: unrecognized option '-qversion'
gcc: no input files
configure:4899: $? = 1
configure:4903: checking whether we are using the GNU C compiler
configure:4931: result: yes
configure:4940: checking whether gcc accepts -g
configure:5001: result: yes
configure:5018: checking for gcc option to accept ISO C89
configure:5095: result: none needed
configure:5117: checking dependency style of gcc
configure:5227: result: gcc3
configure:5250: checking how to run the C preprocessor
configure:5281: gcc -E  conftest.c
configure:5281: $? = 0
configure:5295: gcc -E  conftest.c
conftest.c:11:28: error: ac_nonexistent.h: No such file or directory
configure:5295: $? = 1
configure: failed program was:
| /* confdefs.h */
| #define PACKAGE_NAME "gvolwheel"
| #define PACKAGE_TARNAME "gvolwheel"
| #define PACKAGE_VERSION "0.4"
| #define PACKAGE_STRING "gvolwheel 0.4"
| #define PACKAGE_BUGREPORT "http://gvolwheel.sourceforge.net/"
| #define PACKAGE_URL ""
| #define PACKAGE "gvolwheel"
| #define VERSION "0.4"
| /* end confdefs.h.  */
| #include <ac_nonexistent.h>
configure:5320: result: gcc -E
configure:5340: gcc -E  conftest.c
configure:5340: $? = 0
configure:5354: gcc -E  conftest.c
conftest.c:11:28: error: ac_nonexistent.h: No such file or directory
configure:5354: $? = 1
configure: failed program was:
| /* confdefs.h */
| #define PACKAGE_NAME "gvolwheel"
| #define PACKAGE_TARNAME "gvolwheel"
| #define PACKAGE_VERSION "0.4"
| #define PACKAGE_STRING "gvolwheel 0.4"
| #define PACKAGE_BUGREPORT "http://gvolwheel.sourceforge.net/"
| #define PACKAGE_URL ""
| #define PACKAGE "gvolwheel"
| #define VERSION "0.4"
| /* end confdefs.h.  */
| #include <ac_nonexistent.h>
configure:5383: checking for grep that handles long lines and -e
configure:5441: result: /bin/grep
configure:5446: checking for egrep
configure:5508: result: /bin/grep -E
configure:5513: checking for ANSI C header files
configure:5533: gcc -c -g -O2  conftest.c >&5
configure:5533: $? = 0
configure:5606: gcc -o conftest -g -O2   conftest.c  >&5
configure:5606: $? = 0
configure:5606: ./conftest
configure:5606: $? = 0
configure:5617: result: yes
configure:5641: checking for sys/types.h
configure:5641: gcc -c -g -O2  conftest.c >&5
configure:5641: $? = 0
configure:5641: result: yes
configure:5641: checking for sys/stat.h
configure:5641: gcc -c -g -O2  conftest.c >&5
configure:5641: $? = 0
configure:5641: result: yes
configure:5641: checking for stdlib.h
configure:5641: gcc -c -g -O2  conftest.c >&5
configure:5641: $? = 0
configure:5641: result: yes
configure:5641: checking for string.h
configure:5641: gcc -c -g -O2  conftest.c >&5
configure:5641: $? = 0
configure:5641: result: yes
configure:5641: checking for memory.h
configure:5641: gcc -c -g -O2  conftest.c >&5
configure:5641: $? = 0
configure:5641: result: yes
configure:5641: checking for strings.h
configure:5641: gcc -c -g -O2  conftest.c >&5
configure:5641: $? = 0
configure:5641: result: yes
configure:5641: checking for inttypes.h
configure:5641: gcc -c -g -O2  conftest.c >&5
configure:5641: $? = 0
configure:5641: result: yes
configure:5641: checking for stdint.h
configure:5641: gcc -c -g -O2  conftest.c >&5
configure:5641: $? = 0
configure:5641: result: yes
configure:5641: checking for unistd.h
configure:5641: gcc -c -g -O2  conftest.c >&5
configure:5641: $? = 0
configure:5641: result: yes
configure:5657: checking locale.h usability
configure:5657: gcc -c -g -O2  conftest.c >&5
configure:5657: $? = 0
configure:5657: result: yes
configure:5657: checking locale.h presence
configure:5657: gcc -E  conftest.c
configure:5657: $? = 0
configure:5657: result: yes
configure:5657: checking for locale.h
configure:5657: result: yes
configure:5668: checking for LC_MESSAGES
configure:5684: gcc -o conftest -g -O2   conftest.c  >&5
configure:5684: $? = 0
configure:5692: result: yes
configure:5709: checking libintl.h usability
configure:5709: gcc -c -g -O2  conftest.c >&5
configure:5709: $? = 0
configure:5709: result: yes
configure:5709: checking libintl.h presence
configure:5709: gcc -E  conftest.c
configure:5709: $? = 0
configure:5709: result: yes
configure:5709: checking for libintl.h
configure:5709: result: yes
configure:5717: checking for ngettext in libc
configure:5735: gcc -o conftest -g -O2   conftest.c  >&5
configure:5735: $? = 0
configure:5744: result: yes
configure:5748: checking for dgettext in libc
configure:5766: gcc -o conftest -g -O2   conftest.c  >&5
configure:5766: $? = 0
configure:5775: result: yes
configure:5782: checking for bind_textdomain_codeset
configure:5782: gcc -o conftest -g -O2   conftest.c  >&5
configure:5782: $? = 0
configure:5782: result: yes
configure:6058: checking for msgfmt
configure:6085: result: /usr/bin/msgfmt
configure:6096: checking for dcgettext
configure:6096: gcc -o conftest -g -O2   conftest.c   >&5
conftest.c:49: warning: conflicting types for built-in function 'dcgettext'
configure:6096: $? = 0
configure:6096: result: yes
configure:6106: checking if msgfmt accepts -c
configure:6121: $MSGFMT -c -o /dev/null conftest.foo
configure:6124: $? = 0
configure:6126: result: yes
configure:6136: checking for gmsgfmt
configure:6167: result: /usr/bin/msgfmt
configure:6177: checking for xgettext
configure:6204: result: /usr/bin/xgettext
configure:6223: gcc -o conftest -g -O2   conftest.c   >&5
configure:6223: $? = 0
configure:6359: checking whether NLS is requested
configure:6368: result: yes
configure:6383: checking for intltool >= 0.35.0
configure:6390: result: 0.40.6 found
configure:6398: checking for intltool-update
configure:6416: found /usr/bin/intltool-update
configure:6428: result: /usr/bin/intltool-update
configure:6438: checking for intltool-merge
configure:6456: found /usr/bin/intltool-merge
configure:6468: result: /usr/bin/intltool-merge
configure:6478: checking for intltool-extract
configure:6496: found /usr/bin/intltool-extract
configure:6508: result: /usr/bin/intltool-extract
configure:6639: checking for xgettext
configure:6669: result: /usr/bin/xgettext
configure:6679: checking for msgmerge
configure:6697: found /usr/bin/msgmerge
configure:6709: result: /usr/bin/msgmerge
configure:6719: checking for msgfmt
configure:6749: result: /usr/bin/msgfmt
configure:6759: checking for gmsgfmt
configure:6790: result: /usr/bin/msgfmt
configure:6810: checking for perl
configure:6828: found /usr/bin/perl
configure:6840: result: /usr/bin/perl
configure:6851: checking for perl >= 5.8.1
configure:6858: result: 5.10.0
configure:6862: checking for XML::Parser
configure:6865: result: ok
configure:6948: checking build system type
configure:6962: result: i686-pc-linux-gnu
configure:6982: checking host system type
configure:6995: result: i686-pc-linux-gnu
configure:7015: checking for a sed that does not truncate output
configure:7079: result: /bin/sed
configure:7097: checking for fgrep
configure:7159: result: /bin/grep -F
configure:7194: checking for ld used by gcc
configure:7261: result: /usr/bin/ld
configure:7268: checking if the linker (/usr/bin/ld) is GNU ld
configure:7283: result: yes
configure:7295: checking for BSD- or MS-compatible name lister (nm)
configure:7344: result: /usr/bin/nm -B
configure:7462: checking the name lister (/usr/bin/nm -B) interface
configure:7469: gcc -c -g -O2  conftest.c >&5
configure:7472: /usr/bin/nm -B "conftest.o"
configure:7475: output
00000000 B some_variable
configure:7482: result: BSD nm
configure:7485: checking whether ln -s works
configure:7489: result: yes
configure:7497: checking the maximum length of command line arguments
configure:7617: result: 1572864
configure:7634: checking whether the shell understands some XSI constructs
configure:7644: result: yes
configure:7648: checking whether the shell understands "+="
configure:7654: result: yes
configure:7689: checking for /usr/bin/ld option to reload object files
configure:7696: result: -r
configure:7765: checking for objdump
configure:7781: found /usr/bin/objdump
configure:7792: result: objdump
configure:7824: checking how to recognize dependent libraries
configure:8020: result: pass_all
configure:8080: checking for ar
configure:8096: found /usr/bin/ar
configure:8107: result: ar
configure:8185: checking for strip
configure:8201: found /usr/bin/strip
configure:8212: result: strip
configure:8284: checking for ranlib
configure:8300: found /usr/bin/ranlib
configure:8311: result: ranlib
configure:8401: checking command to parse /usr/bin/nm -B output from gcc object
configure:8519: gcc -c -g -O2  conftest.c >&5
configure:8522: $? = 0
configure:8526: /usr/bin/nm -B conftest.o \| sed -n -e 's/^.*[	 ]\([ABCDGIRSTW][ABCDGIRSTW]*\)[	 ][	 ]*\([_A-Za-z][_A-Za-z0-9]*\)$/\1 \2 \2/p' \> conftest.nm
configure:8529: $? = 0
configure:8583: gcc -o conftest -g -O2   conftest.c conftstm.o >&5
configure:8586: $? = 0
configure:8624: result: ok
configure:9429: checking for dlfcn.h
configure:9429: gcc -c -g -O2  conftest.c >&5
configure:9429: $? = 0
configure:9429: result: yes
configure:9613: checking for objdir
configure:9628: result: .libs
configure:9920: checking if gcc supports -fno-rtti -fno-exceptions
configure:9938: gcc -c -g -O2  -fno-rtti -fno-exceptions conftest.c >&5
cc1: warning: command line option "-fno-rtti" is valid for C++/ObjC++ but not for C
configure:9942: $? = 0
configure:9955: result: no
configure:9975: checking for gcc option to produce PIC
configure:10247: result: -fPIC -DPIC
configure:10259: checking if gcc PIC flag -fPIC -DPIC works
configure:10277: gcc -c -g -O2  -fPIC -DPIC -DPIC conftest.c >&5
configure:10281: $? = 0
configure:10294: result: yes
configure:10318: checking if gcc static flag -static works
configure:10346: result: yes
configure:10361: checking if gcc supports -c -o file.o
configure:10382: gcc -c -g -O2  -o out/conftest2.o conftest.c >&5
configure:10386: $? = 0
configure:10408: result: yes
configure:10416: checking if gcc supports -c -o file.o
configure:10463: result: yes
configure:10496: checking whether the gcc linker (/usr/bin/ld) supports shared libraries
configure:11482: result: yes
configure:11519: checking whether -lc should be explicitly linked in
configure:11524: gcc -c -g -O2  conftest.c >&5
configure:11527: $? = 0
configure:11542: gcc -shared conftest.o  -v -Wl,-soname -Wl,conftest -o conftest 2\>\&1 \| /bin/grep  -lc  \>/dev/null 2\>\&1
configure:11545: $? = 0
configure:11557: result: no
configure:11721: checking dynamic linker characteristics
configure:12154: gcc -o conftest -g -O2   -Wl,-rpath -Wl,/foo conftest.c  >&5
configure:12154: $? = 0
configure:12372: result: GNU/Linux ld.so
configure:12474: checking how to hardcode library paths into programs
configure:12499: result: immediate
configure:13019: checking whether stripping libraries is possible
configure:13024: result: yes
configure:13059: checking if libtool supports shared libraries
configure:13061: result: yes
configure:13064: checking whether to build shared libraries
configure:13085: result: yes
configure:13088: checking whether to build static libraries
configure:13092: result: yes
configure:13179: checking for pkg-config
configure:13197: found /usr/bin/pkg-config
configure:13209: result: /usr/bin/pkg-config
configure:13234: checking pkg-config is at least version 0.9.0
configure:13237: result: yes
configure:13248: checking for GVOLWHEEL
configure:13255: $PKG_CONFIG --exists --print-errors "gtk+-2.0 >= 2.8"
configure:13258: $? = 0
configure:13271: $PKG_CONFIG --exists --print-errors "gtk+-2.0 >= 2.8"
configure:13274: $? = 0
configure:13328: result: yes
configure:13473: creating ./config.status

## ---------------------- ##
## Running config.status. ##
## ---------------------- ##

This file was extended by gvolwheel config.status 0.4, which was
generated by GNU Autoconf 2.64.  Invocation command line was

  CONFIG_FILES    = 
  CONFIG_HEADERS  = 
  CONFIG_LINKS    = 
  CONFIG_COMMANDS = 
  $ ./config.status 

on myhost

config.status:1139: creating Makefile
config.status:1139: creating src/Makefile
config.status:1139: creating po/Makefile.in
config.status:1139: creating config.h
config.status:1359: executing depfiles commands
config.status:1359: executing default-1 commands
config.status:1359: executing libtool commands
config.status:1359: executing po/stamp-it commands

## ---------------- ##
## Cache variables. ##
## ---------------- ##

ac_cv_build=i686-pc-linux-gnu
ac_cv_c_compiler_gnu=yes
ac_cv_env_CC_set=
ac_cv_env_CC_value=
ac_cv_env_CFLAGS_set=
ac_cv_env_CFLAGS_value=
ac_cv_env_CPPFLAGS_set=
ac_cv_env_CPPFLAGS_value=
ac_cv_env_CPP_set=
ac_cv_env_CPP_value=
ac_cv_env_GVOLWHEEL_CFLAGS_set=
ac_cv_env_GVOLWHEEL_CFLAGS_value=
ac_cv_env_GVOLWHEEL_LIBS_set=
ac_cv_env_GVOLWHEEL_LIBS_value=
ac_cv_env_LDFLAGS_set=
ac_cv_env_LDFLAGS_value=
ac_cv_env_LIBS_set=
ac_cv_env_LIBS_value=
ac_cv_env_PKG_CONFIG_set=
ac_cv_env_PKG_CONFIG_value=
ac_cv_env_build_alias_set=
ac_cv_env_build_alias_value=
ac_cv_env_host_alias_set=
ac_cv_env_host_alias_value=
ac_cv_env_target_alias_set=
ac_cv_env_target_alias_value=
ac_cv_func_bind_textdomain_codeset=yes
ac_cv_func_dcgettext=yes
ac_cv_header_dlfcn_h=yes
ac_cv_header_inttypes_h=yes
ac_cv_header_libintl_h=yes
ac_cv_header_locale_h=yes
ac_cv_header_memory_h=yes
ac_cv_header_stdc=yes
ac_cv_header_stdint_h=yes
ac_cv_header_stdlib_h=yes
ac_cv_header_string_h=yes
ac_cv_header_strings_h=yes
ac_cv_header_sys_stat_h=yes
ac_cv_header_sys_types_h=yes
ac_cv_header_unistd_h=yes
ac_cv_host=i686-pc-linux-gnu
ac_cv_objext=o
ac_cv_path_EGREP='/bin/grep -E'
ac_cv_path_FGREP='/bin/grep -F'
ac_cv_path_GMSGFMT=/usr/bin/msgfmt
ac_cv_path_GREP=/bin/grep
ac_cv_path_INTLTOOL_EXTRACT=/usr/bin/intltool-extract
ac_cv_path_INTLTOOL_MERGE=/usr/bin/intltool-merge
ac_cv_path_INTLTOOL_PERL=/usr/bin/perl
ac_cv_path_INTLTOOL_UPDATE=/usr/bin/intltool-update
ac_cv_path_MSGFMT=/usr/bin/msgfmt
ac_cv_path_MSGMERGE=/usr/bin/msgmerge
ac_cv_path_SED=/bin/sed
ac_cv_path_XGETTEXT=/usr/bin/xgettext
ac_cv_path_ac_pt_PKG_CONFIG=/usr/bin/pkg-config
ac_cv_path_install='/bin/install -c'
ac_cv_path_mkdir=/bin/mkdir
ac_cv_prog_AWK=gawk
ac_cv_prog_CPP='gcc -E'
ac_cv_prog_ac_ct_AR=ar
ac_cv_prog_ac_ct_CC=gcc
ac_cv_prog_ac_ct_OBJDUMP=objdump
ac_cv_prog_ac_ct_RANLIB=ranlib
ac_cv_prog_ac_ct_STRIP=strip
ac_cv_prog_cc_c89=
ac_cv_prog_cc_g=yes
ac_cv_prog_make_make_set=yes
ac_cv_search_strerror='none required'
am_cv_CC_dependencies_compiler_type=gcc3
am_cv_prog_cc_stdc=
am_cv_val_LC_MESSAGES=yes
gt_cv_func_dgettext_libc=yes
gt_cv_func_dgettext_libintl=no
gt_cv_func_ngettext_libc=yes
gt_cv_have_gettext=yes
lt_cv_deplibs_check_method=pass_all
lt_cv_file_magic_cmd='$MAGIC_CMD'
lt_cv_file_magic_test_file=
lt_cv_ld_reload_flag=-r
lt_cv_nm_interface='BSD nm'
lt_cv_objdir=.libs
lt_cv_path_LD=/usr/bin/ld
lt_cv_path_NM='/usr/bin/nm -B'
lt_cv_prog_compiler_c_o=yes
lt_cv_prog_compiler_pic_works=yes
lt_cv_prog_compiler_rtti_exceptions=no
lt_cv_prog_compiler_static_works=yes
lt_cv_prog_gnu_ld=yes
lt_cv_sys_global_symbol_pipe='sed -n -e '\''s/^.*[	 ]\([ABCDGIRSTW][ABCDGIRSTW]*\)[	 ][	 ]*\([_A-Za-z][_A-Za-z0-9]*\)$/\1 \2 \2/p'\'''
lt_cv_sys_global_symbol_to_c_name_address='sed -n -e '\''s/^: \([^ ]*\) $/  {\"\1\", (void *) 0},/p'\'' -e '\''s/^[ABCDGIRSTW]* \([^ ]*\) \([^ ]*\)$/  {"\2", (void *) \&\2},/p'\'''
lt_cv_sys_global_symbol_to_c_name_address_lib_prefix='sed -n -e '\''s/^: \([^ ]*\) $/  {\"\1\", (void *) 0},/p'\'' -e '\''s/^[ABCDGIRSTW]* \([^ ]*\) \(lib[^ ]*\)$/  {"\2", (void *) \&\2},/p'\'' -e '\''s/^[ABCDGIRSTW]* \([^ ]*\) \([^ ]*\)$/  {"lib\2", (void *) \&\2},/p'\'''
lt_cv_sys_global_symbol_to_cdecl='sed -n -e '\''s/^T .* \(.*\)$/extern int \1();/p'\'' -e '\''s/^[ABCDGIRSTW]* .* \(.*\)$/extern char \1;/p'\'''
lt_cv_sys_max_cmd_len=1572864
pkg_cv_GVOLWHEEL_CFLAGS='-I/usr/include/gtk-2.0 -I/usr/lib/gtk-2.0/include -I/usr/include/atk-1.0 -I/usr/include/cairo -I/usr/include/pango-1.0 -I/usr/include/glib-2.0 -I/usr/lib/glib-2.0/include -I/usr/include/pixman-1 -I/usr/include/freetype2 -I/usr/include/libpng12  '
pkg_cv_GVOLWHEEL_LIBS='-lgtk-x11-2.0 -lgdk-x11-2.0 -latk-1.0 -lgio-2.0 -lpangoft2-1.0 -lgdk_pixbuf-2.0 -lpangocairo-1.0 -lcairo -lpango-1.0 -lfreetype -lfontconfig -lgobject-2.0 -lgmodule-2.0 -lglib-2.0  '

## ----------------- ##
## Output variables. ##
## ----------------- ##

ACLOCAL='${SHELL} /myfiles/projects/gvolwheel/missing --run aclocal-1.11'
ALL_LINGUAS=''
AMDEPBACKSLASH='\'
AMDEP_FALSE='#'
AMDEP_TRUE=''
AMTAR='${SHELL} /myfiles/projects/gvolwheel/missing --run tar'
AR='ar'
AUTOCONF='${SHELL} /myfiles/projects/gvolwheel/missing --run autoconf'
AUTOHEADER='${SHELL} /myfiles/projects/gvolwheel/missing --run autoheader'
AUTOMAKE='${SHELL} /myfiles/projects/gvolwheel/missing --run automake-1.11'
AWK='gawk'
CATALOGS=''
CATOBJEXT='.gmo'
CC='gcc'
CCDEPMODE='depmode=gcc3'
CFLAGS='-g -O2'
CPP='gcc -E'
CPPFLAGS=''
CYGPATH_W='echo'
DATADIRNAME='share'
DEFS='-DHAVE_CONFIG_H'
DEPDIR='.deps'
DSYMUTIL=''
DUMPBIN=''
ECHO_C=''
ECHO_N='-n'
ECHO_T=''
EGREP='/bin/grep -E'
EXEEXT=''
FGREP='/bin/grep -F'
GETTEXT_PACKAGE='gvolwheel'
GMOFILES=''
GMSGFMT='/usr/bin/msgfmt'
GREP='/bin/grep'
GVOLWHEEL_CFLAGS='-I/usr/include/gtk-2.0 -I/usr/lib/gtk-2.0/include -I/usr/include/atk-1.0 -I/usr/include/cairo -I/usr/include/pango-1.0 -I/usr/include/glib-2.0 -I/usr/lib/glib-2.0/include -I/usr/include/pixman-1 -I/usr/include/freetype2 -I/usr/include/libpng12  '
GVOLWHEEL_LIBS='-lgtk-x11-2.0 -lgdk-x11-2.0 -latk-1.0 -lgio-2.0 -lpangoft2-1.0 -lgdk_pixbuf-2.0 -lpangocairo-1.0 -lcairo -lpango-1.0 -lfreetype -lfontconfig -lgobject-2.0 -lgmodule-2.0 -lglib-2.0  '
INSTALL_DATA='${INSTALL} -m 644'
INSTALL_PROGRAM='${INSTALL}'
INSTALL_SCRIPT='${INSTALL}'
INSTALL_STRIP_PROGRAM='$(install_sh) -c -s'
INSTOBJEXT='.mo'
INTLLIBS=''
INTLTOOL_CAVES_RULE='%.caves:     %.caves.in     $(INTLTOOL_MERGE) $(wildcard $(top_srcdir)/po/*.po) ; LC_ALL=C $(INTLTOOL_MERGE) -d -u -c $(top_builddir)/po/.intltool-merge-cache $(top_srcdir)/po $< $@'
INTLTOOL_DESKTOP_RULE='%.desktop:   %.desktop.in   $(INTLTOOL_MERGE) $(wildcard $(top_srcdir)/po/*.po) ; LC_ALL=C $(INTLTOOL_MERGE) -d -u -c $(top_builddir)/po/.intltool-merge-cache $(top_srcdir)/po $< $@'
INTLTOOL_DIRECTORY_RULE='%.directory: %.directory.in $(INTLTOOL_MERGE) $(wildcard $(top_srcdir)/po/*.po) ; LC_ALL=C $(INTLTOOL_MERGE) -d -u -c $(top_builddir)/po/.intltool-merge-cache $(top_srcdir)/po $< $@'
INTLTOOL_EXTRACT='/usr/bin/intltool-extract'
INTLTOOL_KBD_RULE='%.kbd:       %.kbd.in       $(INTLTOOL_MERGE) $(wildcard $(top_srcdir)/po/*.po) ; LC_ALL=C $(INTLTOOL_MERGE) -x -u -m -c $(top_builddir)/po/.intltool-merge-cache $(top_srcdir)/po $< $@'
INTLTOOL_KEYS_RULE='%.keys:      %.keys.in      $(INTLTOOL_MERGE) $(wildcard $(top_srcdir)/po/*.po) ; LC_ALL=C $(INTLTOOL_MERGE) -k -u -c $(top_builddir)/po/.intltool-merge-cache $(top_srcdir)/po $< $@'
INTLTOOL_MERGE='/usr/bin/intltool-merge'
INTLTOOL_OAF_RULE='%.oaf:       %.oaf.in       $(INTLTOOL_MERGE) $(wildcard $(top_srcdir)/po/*.po) ; LC_ALL=C $(INTLTOOL_MERGE) -o -p $(top_srcdir)/po $< $@'
INTLTOOL_PERL='/usr/bin/perl'
INTLTOOL_POLICY_RULE='%.policy:    %.policy.in    $(INTLTOOL_MERGE) $(wildcard $(top_srcdir)/po/*.po) ; LC_ALL=C $(INTLTOOL_MERGE) -x -u -c $(top_builddir)/po/.intltool-merge-cache $(top_srcdir)/po $< $@'
INTLTOOL_PONG_RULE='%.pong:      %.pong.in      $(INTLTOOL_MERGE) $(wildcard $(top_srcdir)/po/*.po) ; LC_ALL=C $(INTLTOOL_MERGE) -x -u -c $(top_builddir)/po/.intltool-merge-cache $(top_srcdir)/po $< $@'
INTLTOOL_PROP_RULE='%.prop:      %.prop.in      $(INTLTOOL_MERGE) $(wildcard $(top_srcdir)/po/*.po) ; LC_ALL=C $(INTLTOOL_MERGE) -d -u -c $(top_builddir)/po/.intltool-merge-cache $(top_srcdir)/po $< $@'
INTLTOOL_SCHEMAS_RULE='%.schemas:   %.schemas.in   $(INTLTOOL_MERGE) $(wildcard $(top_srcdir)/po/*.po) ; LC_ALL=C $(INTLTOOL_MERGE) -s -u -c $(top_builddir)/po/.intltool-merge-cache $(top_srcdir)/po $< $@'
INTLTOOL_SERVER_RULE='%.server:    %.server.in    $(INTLTOOL_MERGE) $(wildcard $(top_srcdir)/po/*.po) ; LC_ALL=C $(INTLTOOL_MERGE) -o -u -c $(top_builddir)/po/.intltool-merge-cache $(top_srcdir)/po $< $@'
INTLTOOL_SERVICE_RULE='%.service: %.service.in   $(INTLTOOL_MERGE) $(wildcard $(top_srcdir)/po/*.po) ; LC_ALL=C $(INTLTOOL_MERGE) -d -u -c $(top_builddir)/po/.intltool-merge-cache $(top_srcdir)/po $< $@'
INTLTOOL_SHEET_RULE='%.sheet:     %.sheet.in     $(INTLTOOL_MERGE) $(wildcard $(top_srcdir)/po/*.po) ; LC_ALL=C $(INTLTOOL_MERGE) -x -u -c $(top_builddir)/po/.intltool-merge-cache $(top_srcdir)/po $< $@'
INTLTOOL_SOUNDLIST_RULE='%.soundlist: %.soundlist.in $(INTLTOOL_MERGE) $(wildcard $(top_srcdir)/po/*.po) ; LC_ALL=C $(INTLTOOL_MERGE) -d -u -c $(top_builddir)/po/.intltool-merge-cache $(top_srcdir)/po $< $@'
INTLTOOL_THEME_RULE='%.theme:     %.theme.in     $(INTLTOOL_MERGE) $(wildcard $(top_srcdir)/po/*.po) ; LC_ALL=C $(INTLTOOL_MERGE) -d -u -c $(top_builddir)/po/.intltool-merge-cache $(top_srcdir)/po $< $@'
INTLTOOL_UI_RULE='%.ui:        %.ui.in        $(INTLTOOL_MERGE) $(wildcard $(top_srcdir)/po/*.po) ; LC_ALL=C $(INTLTOOL_MERGE) -x -u -c $(top_builddir)/po/.intltool-merge-cache $(top_srcdir)/po $< $@'
INTLTOOL_UPDATE='/usr/bin/intltool-update'
INTLTOOL_XAM_RULE='%.xam:       %.xml.in       $(INTLTOOL_MERGE) $(wildcard $(top_srcdir)/po/*.po) ; LC_ALL=C $(INTLTOOL_MERGE) -x -u -c $(top_builddir)/po/.intltool-merge-cache $(top_srcdir)/po $< $@'
INTLTOOL_XML_NOMERGE_RULE='%.xml:       %.xml.in       $(INTLTOOL_MERGE) ; LC_ALL=C $(INTLTOOL_MERGE) -x -u /tmp $< $@'
INTLTOOL_XML_RULE='%.xml:       %.xml.in       $(INTLTOOL_MERGE) $(wildcard $(top_srcdir)/po/*.po) ; LC_ALL=C $(INTLTOOL_MERGE) -x -u -c $(top_builddir)/po/.intltool-merge-cache $(top_srcdir)/po $< $@'
LD='/usr/bin/ld'
LDFLAGS=''
LIBOBJS=''
LIBS=''
LIBTOOL='$(SHELL) $(top_builddir)/libtool'
LIPO=''
LN_S='ln -s'
LTLIBOBJS=''
MAINT=''
MAINTAINER_MODE_FALSE='#'
MAINTAINER_MODE_TRUE=''
MAKEINFO='${SHELL} /myfiles/projects/gvolwheel/missing --run makeinfo'
MKDIR_P='/bin/mkdir -p'
MKINSTALLDIRS='./mkinstalldirs'
MSGFMT='/usr/bin/msgfmt'
MSGFMT_OPTS='-c'
MSGMERGE='/usr/bin/msgmerge'
NM='/usr/bin/nm -B'
NMEDIT=''
OBJDUMP='objdump'
OBJEXT='o'
OTOOL64=''
OTOOL=''
PACKAGE='gvolwheel'
PACKAGE_BUGREPORT='http://gvolwheel.sourceforge.net/'
PACKAGE_DATA_DIR=''
PACKAGE_NAME='gvolwheel'
PACKAGE_PIXMAPS_DIR=''
PACKAGE_STRING='gvolwheel 0.4'
PACKAGE_TARNAME='gvolwheel'
PACKAGE_URL=''
PACKAGE_VERSION='0.4'
PATH_SEPARATOR=':'
PKG_CONFIG='/usr/bin/pkg-config'
POFILES=''
POSUB='po'
PO_IN_DATADIR_FALSE=''
PO_IN_DATADIR_TRUE=''
RANLIB='ranlib'
SED='/bin/sed'
SET_MAKE=''
SHELL='/bin/sh'
STRIP='strip'
USE_NLS='yes'
VERSION='0.4'
XGETTEXT='/usr/bin/xgettext'
ac_ct_CC='gcc'
ac_ct_DUMPBIN=''
am__EXEEXT_FALSE=''
am__EXEEXT_TRUE='#'
am__fastdepCC_FALSE='#'
am__fastdepCC_TRUE=''
am__include='include'
am__isrc=''
am__leading_dot='.'
am__quote=''
am__tar='${AMTAR} chof - "$$tardir"'
am__untar='${AMTAR} xf -'
bindir='${exec_prefix}/bin'
build='i686-pc-linux-gnu'
build_alias=''
build_cpu='i686'
build_os='linux-gnu'
build_vendor='pc'
datadir='${datarootdir}'
datarootdir='${prefix}/share'
docdir='${datarootdir}/doc/${PACKAGE_TARNAME}'
dvidir='${docdir}'
exec_prefix='${prefix}'
host='i686-pc-linux-gnu'
host_alias=''
host_cpu='i686'
host_os='linux-gnu'
host_vendor='pc'
htmldir='${docdir}'
includedir='${prefix}/include'
infodir='${datarootdir}/info'
install_sh='${SHELL} /myfiles/projects/gvolwheel/install-sh'
libdir='${exec_prefix}/lib'
libexecdir='${exec_prefix}/libexec'
localedir='${datarootdir}/locale'
localstatedir='${prefix}/var'
lt_ECHO='echo'
mandir='${datarootdir}/man'
mkdir_p='/bin/mkdir -p'
oldincludedir='/usr/include'
pdfdir='${docdir}'
prefix='/usr/local'
program_transform_name='s,x,x,'
psdir='${docdir}'
sbindir='${exec_prefix}/sbin'
sharedstatedir='${prefix}/com'
sysconfdir='${prefix}/etc'
target_alias=''

## ----------- ##
## confdefs.h. ##
## ----------- ##

/* confdefs.h */
#define PACKAGE_NAME "gvolwheel"
#define PACKAGE_TARNAME "gvolwheel"
#define PACKAGE_VERSION "0.4"
#define PACKAGE_STRING "gvolwheel 0.4"
#define PACKAGE_BUGREPORT "http://gvolwheel.sourceforge.net/"
#define PACKAGE_URL ""
#define PACKAGE "gvolwheel"
#define VERSION "0.4"
#define STDC_HEADERS 1
#define GETTEXT_PACKAGE "gvolwheel"
#define HAVE_SYS_TYPES_H 1
#define HAVE_SYS_STAT_H 1
#define HAVE_STDLIB_H 1
#define HAVE_STRING_H 1
#define HAVE_MEMORY_H 1
#define HAVE_STRINGS_H 1
#define HAVE_INTTYPES_H 1
#define HAVE_STDINT_H 1
#define HAVE_UNISTD_H 1
#define HAVE_LOCALE_H 1
#define HAVE_LC_MESSAGES 1
#define HAVE_BIND_TEXTDOMAIN_CODESET 1
#define HAVE_GETTEXT 1
#define HAVE_DCGETTEXT 1
#define ENABLE_NLS 1
#define HAVE_DLFCN_H 1
#define LT_OBJDIR ".libs/"

configure: exit 0
